<?xml version="1.0" encoding="utf-8"?><testsuites><testsuite name="pytest" errors="0" failures="1" skipped="1" tests="5" time="2.546" timestamp="2023-10-02T13:07:00.454359" hostname="DESKTOP-L8J0HSU"><testcase classname="hillel_aqa_050623_hw.lesson_22.test_api" name="test_auth_getID" time="1.744" /><testcase classname="hillel_aqa_050623_hw.lesson_22.test_api" name="test_cars_post" time="0.138" /><testcase classname="hillel_aqa_050623_hw.lesson_22.test_api" name="test_cars_id_put" time="0.125" /><testcase classname="hillel_aqa_050623_hw.lesson_22.test_api" name="test_cars_get_brands" time="0.114"><failure message="AssertionError: Wrong status code&#10;assert 200 == 400&#10; +  where 200 = &lt;Response [200]&gt;.status_code">def test_cars_get_brands():
        """Проверка что название файла логотипа соответствует марке автомобиля"""
        r = cars.brands(s)
&gt;       assert r.status_code == 400, 'Wrong status code'
E       AssertionError: Wrong status code
E       assert 200 == 400
E        +  where 200 = &lt;Response [200]&gt;.status_code

hillel_aqa_050623_hw\lesson_22\test_api.py:117: AssertionError</failure></testcase><testcase classname="hillel_aqa_050623_hw.lesson_22.test_api" name="test_users_delete" time="0.001"><skipped type="pytest.skip" message="unconditional skip">C:\Users\New\PycharmProjects\HW_new_2023\hillel_aqa_050623_hw\lesson_22\test_api.py:131: unconditional skip</skipped></testcase></testsuite></testsuites>